2024-07-10 20:45:39.6122|INFO|SFP.Models.Log|Initializing SFP version 0.0.54 on platform artix-x64
2024-07-10 20:45:39.8876|INFO|SFP.Models.Log|Monitoring Steam state
2024-07-10 20:45:56.0378|INFO|SFP.Models.Log|Connecting to ws://localhost:8080/devtools/browser/f2324d49-4c22-4b3f-b3c6-7d78685c2246
2024-07-10 20:46:10.7072|INFO|SFP.Models.Log|Starting injection...
2024-07-10 20:46:10.8028|ERROR|SFP.Models.Log|Could not fetch browser, SFP either tried to inject too early or another service is running on port 8080
2024-07-10 20:46:10.8028|DEBUG|SFP.Models.Log|Flurl.Http.FlurlHttpException: Call failed. Connection refused (localhost:8080): GET http://localhost:8080/json/version
 ---> System.Net.Http.HttpRequestException: Connection refused (localhost:8080)
 ---> System.Net.Sockets.SocketException (111): Connection refused
   at System.Net.Sockets.Socket.AwaitableSocketAsyncEventArgs.ThrowException(SocketError, CancellationToken)
   at System.Net.Sockets.Socket.AwaitableSocketAsyncEventArgs.System.Threading.Tasks.Sources.IValueTaskSource.GetResult(Int16)
   at System.Net.Sockets.Socket.<ConnectAsync>g__WaitForConnectWithCancellation|281_0(AwaitableSocketAsyncEventArgs, ValueTask, CancellationToken)
   at System.Net.Http.HttpConnectionPool.ConnectToTcpHostAsync(String, Int32, HttpRequestMessage, Boolean, CancellationToken)
   --- End of inner exception stack trace ---
   at System.Net.Http.HttpConnectionPool.ConnectToTcpHostAsync(String, Int32, HttpRequestMessage, Boolean, CancellationToken)
   at System.Net.Http.HttpConnectionPool.ConnectAsync(HttpRequestMessage, Boolean, CancellationToken)
   at System.Net.Http.HttpConnectionPool.CreateHttp11ConnectionAsync(HttpRequestMessage, Boolean, CancellationToken)
   at System.Net.Http.HttpConnectionPool.AddHttp11ConnectionAsync(QueueItem)
   at System.Threading.Tasks.TaskCompletionSourceWithCancellation`1.WaitWithCancellationAsync(CancellationToken)
   at System.Net.Http.HttpConnectionPool.HttpConnectionWaiter`1.WaitForConnectionAsync(Boolean, CancellationToken)
   at System.Net.Http.HttpConnectionPool.SendWithVersionDetectionAndRetryAsync(HttpRequestMessage, Boolean, Boolean, CancellationToken)
   at System.Net.Http.DecompressionHandler.SendAsync(HttpRequestMessage, Boolean, CancellationToken)
   at System.Net.Http.HttpClient.<SendAsync>g__Core|83_0(HttpRequestMessage, HttpCompletionOption, CancellationTokenSource, Boolean, CancellationTokenSource, CancellationToken)
   at Flurl.Http.FlurlClient.SendAsync(IFlurlRequest, HttpCompletionOption , CancellationToken )
   --- End of inner exception stack trace ---
   at Flurl.Http.FlurlClient.HandleExceptionAsync(FlurlCall, Exception, CancellationToken)
   at Flurl.Http.FlurlClient.SendAsync(IFlurlRequest, HttpCompletionOption , CancellationToken )
   at Flurl.Http.FlurlClient.SendAsync(IFlurlRequest, HttpCompletionOption , CancellationToken )
   at Flurl.Http.ResponseExtensions.ReceiveJson[T](Task`1)
   at SFP.Models.Injection.BrowserEndpoint.GetBrowserEndpointAsync() in /home/runner/work/SFP/SFP/SFP/Models/Injection/BrowserEndpoint.cs:line 28
   at SFP.Models.Injection.Injector.StartInjectionAsync(Boolean ) in /home/runner/work/SFP/SFP/SFP/Models/Injection/Injector.cs:line 65
2024-07-10 20:46:16.6158|INFO|SFP.Models.Log|Quitting
