2024-07-10 20:47:21.9383|INFO|SFP.Models.Log|Initializing SFP version 0.0.54 on platform artix-x64
2024-07-10 20:47:22.2117|INFO|SFP.Models.Log|Monitoring Steam state
2024-07-10 20:47:23.5135|INFO|SFP.Models.Log|Connecting to ws://localhost:8080/devtools/browser/c46d58be-4a99-49f9-b0da-1fb2af9a295f
2024-07-10 20:47:23.5309|INFO|SFP.Models.Log|Connected
2024-07-10 20:47:23.5317|INFO|SFP.Models.Log|Found 0 pages
2024-07-10 20:47:23.5317|INFO|SFP.Models.Log|Using default SFP skin config
2024-07-10 20:47:23.5317|INFO|SFP.Models.Log|Initial injection finished
2024-07-10 20:47:24.6096|INFO|SFP.Models.Log|Injected libraryroot.custom.css into Sign in to Steam from patch .FullModalOverlay
2024-07-10 20:47:25.1189|INFO|SFP.Models.Log|Injected libraryroot.custom.js into Sign in to Steam from patch .FullModalOverlay
2024-07-10 20:47:26.1034|INFO|SFP.Models.Log|Injected libraryroot.custom.css into Steam from patch ^Steam$
2024-07-10 20:47:26.6045|INFO|SFP.Models.Log|Injected libraryroot.custom.js into Steam from patch ^Steam$
2024-07-10 20:47:27.5136|INFO|SFP.Models.Log|Injected libraryroot.custom.css into Store Supernav from patch Supernav$
2024-07-10 20:47:27.5136|INFO|SFP.Models.Log|Injected libraryroot.custom.css into Library Supernav from patch Supernav$
2024-07-10 20:47:27.5146|INFO|SFP.Models.Log|Injected libraryroot.custom.css into Profile Supernav from patch Supernav$
2024-07-10 20:47:27.5146|INFO|SFP.Models.Log|Injected libraryroot.custom.css into Community Supernav from patch Supernav$
2024-07-10 20:47:27.5190|INFO|SFP.Models.Log|Injected libraryroot.custom.css into Steam Root Menu from patch Menu$
2024-07-10 20:47:27.5190|INFO|SFP.Models.Log|Injected libraryroot.custom.css into Games Root Menu from patch Menu$
2024-07-10 20:47:27.5196|INFO|SFP.Models.Log|Injected libraryroot.custom.css into View Root Menu from patch Menu$
2024-07-10 20:47:27.5196|INFO|SFP.Models.Log|Injected libraryroot.custom.css into Notifications Menu from patch Menu$
2024-07-10 20:47:27.5196|INFO|SFP.Models.Log|Injected libraryroot.custom.css into Friends Root Menu from patch Menu$
2024-07-10 20:47:27.5196|INFO|SFP.Models.Log|Injected libraryroot.custom.css into Help Root Menu from patch Menu$
2024-07-10 20:47:27.5207|INFO|SFP.Models.Log|Injected libraryroot.custom.css into Account Menu from patch Menu$
2024-07-10 20:47:27.7213|INFO|SFP.Models.Log|Injected friends.custom.css into Friends List from patch .friendsui-container
2024-07-10 20:47:28.0964|INFO|SFP.Models.Log|Injected libraryroot.custom.js into Profile Supernav from patch Supernav$
2024-07-10 20:47:28.0966|INFO|SFP.Models.Log|Injected libraryroot.custom.js into Store Supernav from patch Supernav$
2024-07-10 20:47:28.0966|INFO|SFP.Models.Log|Injected libraryroot.custom.js into Library Supernav from patch Supernav$
2024-07-10 20:47:28.0966|INFO|SFP.Models.Log|Injected libraryroot.custom.js into Community Supernav from patch Supernav$
2024-07-10 20:47:28.0966|INFO|SFP.Models.Log|Injected libraryroot.custom.js into Games Root Menu from patch Menu$
2024-07-10 20:47:28.0976|INFO|SFP.Models.Log|Injected libraryroot.custom.js into Steam Root Menu from patch Menu$
2024-07-10 20:47:28.0976|INFO|SFP.Models.Log|Injected libraryroot.custom.js into Help Root Menu from patch Menu$
2024-07-10 20:47:28.0976|INFO|SFP.Models.Log|Injected libraryroot.custom.js into View Root Menu from patch Menu$
2024-07-10 20:47:28.0976|INFO|SFP.Models.Log|Injected libraryroot.custom.js into Notifications Menu from patch Menu$
2024-07-10 20:47:28.0985|INFO|SFP.Models.Log|Injected libraryroot.custom.js into Friends Root Menu from patch Menu$
2024-07-10 20:47:28.0985|INFO|SFP.Models.Log|Injected libraryroot.custom.js into Account Menu from patch Menu$
2024-07-10 20:47:28.2772|INFO|SFP.Models.Log|Injected friends.custom.js into Friends List from patch .friendsui-container
2024-07-10 20:48:50.3603|INFO|SFP.Models.Log|Switching to skin "steamui"
2024-07-10 20:48:50.3607|DEBUG|SFP.Models.Log|SelectedSkin is steamui.
2024-07-10 20:48:50.3607|DEBUG|SFP.Models.Log|SelectedSkin is steamui.
2024-07-10 20:48:50.3651|INFO|SFP.Models.Log|Using default SFP skin config as base
2024-07-10 20:48:50.9911|DEBUG|SFP.Models.Log|SelectedSkin is steamui.
2024-07-10 20:48:50.9980|INFO|SFP.Models.Log|Injected libraryroot.custom.css into Steam from patch ^Steam$
2024-07-10 20:48:50.9980|DEBUG|SFP.Models.Log|SelectedSkin is steamui.
2024-07-10 20:48:51.4990|INFO|SFP.Models.Log|Injected libraryroot.custom.js into Steam from patch ^Steam$
2024-07-10 20:48:52.3193|ERROR|SFP.Models.Log|Unexpected error when trying to query frame selector
2024-07-10 20:48:52.3193|ERROR|SFP.Models.Log|Unexpected error when trying to query frame selector
2024-07-10 20:48:52.3193|ERROR|SFP.Models.Log|Unexpected error when trying to query frame selector
2024-07-10 20:48:52.3193|DEBUG|SFP.Models.Log|url: https://steamloopback.host/index.html?LOCAL_HOSTNAME=artx&LANGUAGE=english&COUNTRY=SI&LAUNCHER_TYPE=0&CLIENT_SESSION=1720637242&IN_CLIENT=true&USE_POPUPS=true&IN_STEAMUI_SHARED_CONTEXT=true&PLATFORM=linux&DEV_MODE=true&SHOW_CONSOLE=true
2024-07-10 20:48:52.3193|ERROR|SFP.Models.Log|Unexpected error when trying to query frame selector
2024-07-10 20:48:52.3193|DEBUG|SFP.Models.Log|url: https://steamloopback.host/index.html?LOCAL_HOSTNAME=artx&LANGUAGE=english&COUNTRY=SI&LAUNCHER_TYPE=0&CLIENT_SESSION=1720637242&IN_CLIENT=true&USE_POPUPS=true&IN_STEAMUI_SHARED_CONTEXT=true&PLATFORM=linux&DEV_MODE=true&SHOW_CONSOLE=true
2024-07-10 20:48:52.3193|DEBUG|SFP.Models.Log|url: https://steamloopback.host/index.html?LOCAL_HOSTNAME=artx&LANGUAGE=english&COUNTRY=SI&LAUNCHER_TYPE=0&CLIENT_SESSION=1720637242&IN_CLIENT=true&USE_POPUPS=true&IN_STEAMUI_SHARED_CONTEXT=true&PLATFORM=linux&DEV_MODE=true&SHOW_CONSOLE=true
2024-07-10 20:48:52.3193|DEBUG|SFP.Models.Log|url: https://steamloopback.host/index.html?LOCAL_HOSTNAME=artx&LANGUAGE=english&COUNTRY=SI&LAUNCHER_TYPE=0&CLIENT_SESSION=1720637242&IN_CLIENT=true&USE_POPUPS=true&IN_STEAMUI_SHARED_CONTEXT=true&PLATFORM=linux&DEV_MODE=true&SHOW_CONSOLE=true
2024-07-10 20:48:52.3193|DEBUG|SFP.Models.Log|PuppeteerSharp.EvaluationFailedException: Evaluation failed: DOMException: Failed to execute 'querySelector' on 'Document': '.*' is not a valid selector.
    at __puppeteer_evaluation_script__:1:33
   at PuppeteerSharp.ExecutionContext.ExecuteEvaluationAsync(String method, Object args) in C:\projects\puppeteer-sharp\lib\PuppeteerSharp\ExecutionContext.cs:line 187
   at PuppeteerSharp.ExecutionContext.EvaluateFunctionHandleAsync(String script, Object[] args) in C:\projects\puppeteer-sharp\lib\PuppeteerSharp\ExecutionContext.cs:line 105
   at PuppeteerSharp.ElementHandle.QuerySelectorAsync(String selector) in C:\projects\puppeteer-sharp\lib\PuppeteerSharp\ElementHandle.cs:line 347
   at PuppeteerSharp.DOMWorld.QuerySelectorAsync(String selector) in C:\projects\puppeteer-sharp\lib\PuppeteerSharp\DOMWorld.cs:line 114
   at SFP.Models.Injection.Injector.ProcessFrame(Frame) in /home/runner/work/SFP/SFP/SFP/Models/Injection/Injector.cs:line 308
2024-07-10 20:48:52.3193|DEBUG|SFP.Models.Log|PuppeteerSharp.EvaluationFailedException: Evaluation failed: DOMException: Failed to execute 'querySelector' on 'Document': '.*' is not a valid selector.
    at __puppeteer_evaluation_script__:1:33
   at PuppeteerSharp.ExecutionContext.ExecuteEvaluationAsync(String method, Object args) in C:\projects\puppeteer-sharp\lib\PuppeteerSharp\ExecutionContext.cs:line 187
   at PuppeteerSharp.ExecutionContext.EvaluateFunctionHandleAsync(String script, Object[] args) in C:\projects\puppeteer-sharp\lib\PuppeteerSharp\ExecutionContext.cs:line 105
   at PuppeteerSharp.ElementHandle.QuerySelectorAsync(String selector) in C:\projects\puppeteer-sharp\lib\PuppeteerSharp\ElementHandle.cs:line 347
   at PuppeteerSharp.DOMWorld.QuerySelectorAsync(String selector) in C:\projects\puppeteer-sharp\lib\PuppeteerSharp\DOMWorld.cs:line 114
   at SFP.Models.Injection.Injector.ProcessFrame(Frame) in /home/runner/work/SFP/SFP/SFP/Models/Injection/Injector.cs:line 308
2024-07-10 20:48:52.3193|DEBUG|SFP.Models.Log|PuppeteerSharp.EvaluationFailedException: Evaluation failed: DOMException: Failed to execute 'querySelector' on 'Document': '.*' is not a valid selector.
    at __puppeteer_evaluation_script__:1:33
   at PuppeteerSharp.ExecutionContext.ExecuteEvaluationAsync(String method, Object args) in C:\projects\puppeteer-sharp\lib\PuppeteerSharp\ExecutionContext.cs:line 187
   at PuppeteerSharp.ExecutionContext.EvaluateFunctionHandleAsync(String script, Object[] args) in C:\projects\puppeteer-sharp\lib\PuppeteerSharp\ExecutionContext.cs:line 105
   at PuppeteerSharp.ElementHandle.QuerySelectorAsync(String selector) in C:\projects\puppeteer-sharp\lib\PuppeteerSharp\ElementHandle.cs:line 347
   at PuppeteerSharp.DOMWorld.QuerySelectorAsync(String selector) in C:\projects\puppeteer-sharp\lib\PuppeteerSharp\DOMWorld.cs:line 114
   at SFP.Models.Injection.Injector.ProcessFrame(Frame) in /home/runner/work/SFP/SFP/SFP/Models/Injection/Injector.cs:line 308
2024-07-10 20:48:52.3193|DEBUG|SFP.Models.Log|PuppeteerSharp.EvaluationFailedException: Evaluation failed: DOMException: Failed to execute 'querySelector' on 'Document': '.*' is not a valid selector.
    at __puppeteer_evaluation_script__:1:33
   at PuppeteerSharp.ExecutionContext.ExecuteEvaluationAsync(String method, Object args) in C:\projects\puppeteer-sharp\lib\PuppeteerSharp\ExecutionContext.cs:line 187
   at PuppeteerSharp.ExecutionContext.EvaluateFunctionHandleAsync(String script, Object[] args) in C:\projects\puppeteer-sharp\lib\PuppeteerSharp\ExecutionContext.cs:line 105
   at PuppeteerSharp.ElementHandle.QuerySelectorAsync(String selector) in C:\projects\puppeteer-sharp\lib\PuppeteerSharp\ElementHandle.cs:line 347
   at PuppeteerSharp.DOMWorld.QuerySelectorAsync(String selector) in C:\projects\puppeteer-sharp\lib\PuppeteerSharp\DOMWorld.cs:line 114
   at SFP.Models.Injection.Injector.ProcessFrame(Frame) in /home/runner/work/SFP/SFP/SFP/Models/Injection/Injector.cs:line 308
2024-07-10 20:48:52.3197|ERROR|SFP.Models.Log|Unexpected error when trying to query frame selector
2024-07-10 20:48:52.3197|DEBUG|SFP.Models.Log|url: https://steamloopback.host/index.html?LOCAL_HOSTNAME=artx&LANGUAGE=english&COUNTRY=SI&LAUNCHER_TYPE=0&CLIENT_SESSION=1720637242&IN_CLIENT=true&USE_POPUPS=true&IN_STEAMUI_SHARED_CONTEXT=true&PLATFORM=linux&DEV_MODE=true&SHOW_CONSOLE=true
2024-07-10 20:48:52.3197|DEBUG|SFP.Models.Log|PuppeteerSharp.EvaluationFailedException: Evaluation failed: DOMException: Failed to execute 'querySelector' on 'Document': '.*' is not a valid selector.
    at __puppeteer_evaluation_script__:1:33
   at PuppeteerSharp.ExecutionContext.ExecuteEvaluationAsync(String method, Object args) in C:\projects\puppeteer-sharp\lib\PuppeteerSharp\ExecutionContext.cs:line 187
   at PuppeteerSharp.ExecutionContext.EvaluateFunctionHandleAsync(String script, Object[] args) in C:\projects\puppeteer-sharp\lib\PuppeteerSharp\ExecutionContext.cs:line 105
   at PuppeteerSharp.ElementHandle.QuerySelectorAsync(String selector) in C:\projects\puppeteer-sharp\lib\PuppeteerSharp\ElementHandle.cs:line 347
   at PuppeteerSharp.DOMWorld.QuerySelectorAsync(String selector) in C:\projects\puppeteer-sharp\lib\PuppeteerSharp\DOMWorld.cs:line 114
   at SFP.Models.Injection.Injector.ProcessFrame(Frame) in /home/runner/work/SFP/SFP/SFP/Models/Injection/Injector.cs:line 308
2024-07-10 20:48:52.3197|ERROR|SFP.Models.Log|Unexpected error when trying to query frame selector
2024-07-10 20:48:52.3197|DEBUG|SFP.Models.Log|url: https://steamloopback.host/index.html?LOCAL_HOSTNAME=artx&LANGUAGE=english&COUNTRY=SI&LAUNCHER_TYPE=0&CLIENT_SESSION=1720637242&IN_CLIENT=true&USE_POPUPS=true&IN_STEAMUI_SHARED_CONTEXT=true&PLATFORM=linux&DEV_MODE=true&SHOW_CONSOLE=true
2024-07-10 20:48:52.3197|DEBUG|SFP.Models.Log|PuppeteerSharp.EvaluationFailedException: Evaluation failed: DOMException: Failed to execute 'querySelector' on 'Document': '.*' is not a valid selector.
    at __puppeteer_evaluation_script__:1:33
   at PuppeteerSharp.ExecutionContext.ExecuteEvaluationAsync(String method, Object args) in C:\projects\puppeteer-sharp\lib\PuppeteerSharp\ExecutionContext.cs:line 187
   at PuppeteerSharp.ExecutionContext.EvaluateFunctionHandleAsync(String script, Object[] args) in C:\projects\puppeteer-sharp\lib\PuppeteerSharp\ExecutionContext.cs:line 105
   at PuppeteerSharp.ElementHandle.QuerySelectorAsync(String selector) in C:\projects\puppeteer-sharp\lib\PuppeteerSharp\ElementHandle.cs:line 347
   at PuppeteerSharp.DOMWorld.QuerySelectorAsync(String selector) in C:\projects\puppeteer-sharp\lib\PuppeteerSharp\DOMWorld.cs:line 114
   at SFP.Models.Injection.Injector.ProcessFrame(Frame) in /home/runner/work/SFP/SFP/SFP/Models/Injection/Injector.cs:line 308
2024-07-10 20:48:52.3197|ERROR|SFP.Models.Log|Unexpected error when trying to query frame selector
2024-07-10 20:48:52.3197|DEBUG|SFP.Models.Log|url: https://steamloopback.host/index.html?LOCAL_HOSTNAME=artx&LANGUAGE=english&COUNTRY=SI&LAUNCHER_TYPE=0&CLIENT_SESSION=1720637242&IN_CLIENT=true&USE_POPUPS=true&IN_STEAMUI_SHARED_CONTEXT=true&PLATFORM=linux&DEV_MODE=true&SHOW_CONSOLE=true
2024-07-10 20:48:52.3197|DEBUG|SFP.Models.Log|PuppeteerSharp.EvaluationFailedException: Evaluation failed: DOMException: Failed to execute 'querySelector' on 'Document': '.*' is not a valid selector.
    at __puppeteer_evaluation_script__:1:33
   at PuppeteerSharp.ExecutionContext.ExecuteEvaluationAsync(String method, Object args) in C:\projects\puppeteer-sharp\lib\PuppeteerSharp\ExecutionContext.cs:line 187
   at PuppeteerSharp.ExecutionContext.EvaluateFunctionHandleAsync(String script, Object[] args) in C:\projects\puppeteer-sharp\lib\PuppeteerSharp\ExecutionContext.cs:line 105
   at PuppeteerSharp.ElementHandle.QuerySelectorAsync(String selector) in C:\projects\puppeteer-sharp\lib\PuppeteerSharp\ElementHandle.cs:line 347
   at PuppeteerSharp.DOMWorld.QuerySelectorAsync(String selector) in C:\projects\puppeteer-sharp\lib\PuppeteerSharp\DOMWorld.cs:line 114
   at SFP.Models.Injection.Injector.ProcessFrame(Frame) in /home/runner/work/SFP/SFP/SFP/Models/Injection/Injector.cs:line 308
2024-07-10 20:48:52.3197|ERROR|SFP.Models.Log|Unexpected error when trying to query frame selector
2024-07-10 20:48:52.3197|DEBUG|SFP.Models.Log|url: https://steamloopback.host/index.html?LOCAL_HOSTNAME=artx&LANGUAGE=english&COUNTRY=SI&LAUNCHER_TYPE=0&CLIENT_SESSION=1720637242&IN_CLIENT=true&USE_POPUPS=true&IN_STEAMUI_SHARED_CONTEXT=true&PLATFORM=linux&DEV_MODE=true&SHOW_CONSOLE=true
2024-07-10 20:48:52.3197|DEBUG|SFP.Models.Log|PuppeteerSharp.EvaluationFailedException: Evaluation failed: DOMException: Failed to execute 'querySelector' on 'Document': '.*' is not a valid selector.
    at __puppeteer_evaluation_script__:1:33
   at PuppeteerSharp.ExecutionContext.ExecuteEvaluationAsync(String method, Object args) in C:\projects\puppeteer-sharp\lib\PuppeteerSharp\ExecutionContext.cs:line 187
   at PuppeteerSharp.ExecutionContext.EvaluateFunctionHandleAsync(String script, Object[] args) in C:\projects\puppeteer-sharp\lib\PuppeteerSharp\ExecutionContext.cs:line 105
   at PuppeteerSharp.ElementHandle.QuerySelectorAsync(String selector) in C:\projects\puppeteer-sharp\lib\PuppeteerSharp\ElementHandle.cs:line 347
   at PuppeteerSharp.DOMWorld.QuerySelectorAsync(String selector) in C:\projects\puppeteer-sharp\lib\PuppeteerSharp\DOMWorld.cs:line 114
   at SFP.Models.Injection.Injector.ProcessFrame(Frame) in /home/runner/work/SFP/SFP/SFP/Models/Injection/Injector.cs:line 308
2024-07-10 20:48:52.3197|DEBUG|SFP.Models.Log|SelectedSkin is steamui.
2024-07-10 20:48:52.3207|ERROR|SFP.Models.Log|Unexpected error when trying to query frame selector
2024-07-10 20:48:52.3207|DEBUG|SFP.Models.Log|url: https://steamloopback.host/index.html?LOCAL_HOSTNAME=artx&LANGUAGE=english&COUNTRY=SI&LAUNCHER_TYPE=0&CLIENT_SESSION=1720637242&IN_CLIENT=true&USE_POPUPS=true&IN_STEAMUI_SHARED_CONTEXT=true&PLATFORM=linux&DEV_MODE=true&SHOW_CONSOLE=true
2024-07-10 20:48:52.3207|DEBUG|SFP.Models.Log|PuppeteerSharp.EvaluationFailedException: Evaluation failed: DOMException: Failed to execute 'querySelector' on 'Document': '.*' is not a valid selector.
    at __puppeteer_evaluation_script__:1:33
   at PuppeteerSharp.ExecutionContext.ExecuteEvaluationAsync(String method, Object args) in C:\projects\puppeteer-sharp\lib\PuppeteerSharp\ExecutionContext.cs:line 187
   at PuppeteerSharp.ExecutionContext.EvaluateFunctionHandleAsync(String script, Object[] args) in C:\projects\puppeteer-sharp\lib\PuppeteerSharp\ExecutionContext.cs:line 105
   at PuppeteerSharp.ElementHandle.QuerySelectorAsync(String selector) in C:\projects\puppeteer-sharp\lib\PuppeteerSharp\ElementHandle.cs:line 347
   at PuppeteerSharp.DOMWorld.QuerySelectorAsync(String selector) in C:\projects\puppeteer-sharp\lib\PuppeteerSharp\DOMWorld.cs:line 114
   at SFP.Models.Injection.Injector.ProcessFrame(Frame) in /home/runner/work/SFP/SFP/SFP/Models/Injection/Injector.cs:line 308
2024-07-10 20:48:52.3207|DEBUG|SFP.Models.Log|SelectedSkin is steamui.
2024-07-10 20:48:52.3207|ERROR|SFP.Models.Log|Unexpected error when trying to query frame selector
2024-07-10 20:48:52.3207|DEBUG|SFP.Models.Log|url: https://steamloopback.host/index.html?LOCAL_HOSTNAME=artx&LANGUAGE=english&COUNTRY=SI&LAUNCHER_TYPE=0&CLIENT_SESSION=1720637242&IN_CLIENT=true&USE_POPUPS=true&IN_STEAMUI_SHARED_CONTEXT=true&PLATFORM=linux&DEV_MODE=true&SHOW_CONSOLE=true
2024-07-10 20:48:52.3207|DEBUG|SFP.Models.Log|PuppeteerSharp.EvaluationFailedException: Evaluation failed: DOMException: Failed to execute 'querySelector' on 'Document': '.*' is not a valid selector.
    at __puppeteer_evaluation_script__:1:33
   at PuppeteerSharp.ExecutionContext.ExecuteEvaluationAsync(String method, Object args) in C:\projects\puppeteer-sharp\lib\PuppeteerSharp\ExecutionContext.cs:line 187
   at PuppeteerSharp.ExecutionContext.EvaluateFunctionHandleAsync(String script, Object[] args) in C:\projects\puppeteer-sharp\lib\PuppeteerSharp\ExecutionContext.cs:line 105
   at PuppeteerSharp.ElementHandle.QuerySelectorAsync(String selector) in C:\projects\puppeteer-sharp\lib\PuppeteerSharp\ElementHandle.cs:line 347
   at PuppeteerSharp.DOMWorld.QuerySelectorAsync(String selector) in C:\projects\puppeteer-sharp\lib\PuppeteerSharp\DOMWorld.cs:line 114
   at SFP.Models.Injection.Injector.ProcessFrame(Frame) in /home/runner/work/SFP/SFP/SFP/Models/Injection/Injector.cs:line 308
2024-07-10 20:48:52.3207|DEBUG|SFP.Models.Log|SelectedSkin is steamui.
2024-07-10 20:48:52.3207|ERROR|SFP.Models.Log|Unexpected error when trying to query frame selector
2024-07-10 20:48:52.3207|DEBUG|SFP.Models.Log|url: https://steamloopback.host/index.html?LOCAL_HOSTNAME=artx&LANGUAGE=english&COUNTRY=SI&LAUNCHER_TYPE=0&CLIENT_SESSION=1720637242&IN_CLIENT=true&USE_POPUPS=true&IN_STEAMUI_SHARED_CONTEXT=true&PLATFORM=linux&DEV_MODE=true&SHOW_CONSOLE=true
2024-07-10 20:48:52.3207|DEBUG|SFP.Models.Log|PuppeteerSharp.EvaluationFailedException: Evaluation failed: DOMException: Failed to execute 'querySelector' on 'Document': '.*' is not a valid selector.
    at __puppeteer_evaluation_script__:1:33
   at PuppeteerSharp.ExecutionContext.ExecuteEvaluationAsync(String method, Object args) in C:\projects\puppeteer-sharp\lib\PuppeteerSharp\ExecutionContext.cs:line 187
   at PuppeteerSharp.ExecutionContext.EvaluateFunctionHandleAsync(String script, Object[] args) in C:\projects\puppeteer-sharp\lib\PuppeteerSharp\ExecutionContext.cs:line 105
   at PuppeteerSharp.ElementHandle.QuerySelectorAsync(String selector) in C:\projects\puppeteer-sharp\lib\PuppeteerSharp\ElementHandle.cs:line 347
   at PuppeteerSharp.DOMWorld.QuerySelectorAsync(String selector) in C:\projects\puppeteer-sharp\lib\PuppeteerSharp\DOMWorld.cs:line 114
   at SFP.Models.Injection.Injector.ProcessFrame(Frame) in /home/runner/work/SFP/SFP/SFP/Models/Injection/Injector.cs:line 308
2024-07-10 20:48:52.3207|DEBUG|SFP.Models.Log|SelectedSkin is steamui.
2024-07-10 20:48:52.3221|DEBUG|SFP.Models.Log|SelectedSkin is steamui.
2024-07-10 20:48:52.3221|DEBUG|SFP.Models.Log|SelectedSkin is steamui.
2024-07-10 20:48:52.3221|DEBUG|SFP.Models.Log|SelectedSkin is steamui.
2024-07-10 20:48:52.3221|DEBUG|SFP.Models.Log|SelectedSkin is steamui.
2024-07-10 20:48:52.3235|DEBUG|SFP.Models.Log|SelectedSkin is steamui.
2024-07-10 20:48:52.3235|DEBUG|SFP.Models.Log|SelectedSkin is steamui.
2024-07-10 20:48:52.3235|DEBUG|SFP.Models.Log|SelectedSkin is steamui.
2024-07-10 20:48:52.3235|INFO|SFP.Models.Log|Injected libraryroot.custom.css into Store Supernav from patch Supernav$
2024-07-10 20:48:52.3235|DEBUG|SFP.Models.Log|SelectedSkin is steamui.
2024-07-10 20:48:52.3235|INFO|SFP.Models.Log|Injected libraryroot.custom.css into Library Supernav from patch Supernav$
2024-07-10 20:48:52.3235|DEBUG|SFP.Models.Log|SelectedSkin is steamui.
2024-07-10 20:48:52.3556|INFO|SFP.Models.Log|Injected libraryroot.custom.css into Community Supernav from patch Supernav$
2024-07-10 20:48:52.3556|DEBUG|SFP.Models.Log|SelectedSkin is steamui.
2024-07-10 20:48:52.3556|INFO|SFP.Models.Log|Injected libraryroot.custom.css into Profile Supernav from patch Supernav$
2024-07-10 20:48:52.3556|DEBUG|SFP.Models.Log|SelectedSkin is steamui.
2024-07-10 20:48:52.3567|INFO|SFP.Models.Log|Injected libraryroot.custom.css into Steam Root Menu from patch Menu$
2024-07-10 20:48:52.3567|DEBUG|SFP.Models.Log|SelectedSkin is steamui.
2024-07-10 20:48:52.3567|INFO|SFP.Models.Log|Injected libraryroot.custom.css into Games Root Menu from patch Menu$
2024-07-10 20:48:52.3567|DEBUG|SFP.Models.Log|SelectedSkin is steamui.
2024-07-10 20:48:52.3567|INFO|SFP.Models.Log|Injected libraryroot.custom.css into Friends Root Menu from patch Menu$
2024-07-10 20:48:52.3567|DEBUG|SFP.Models.Log|SelectedSkin is steamui.
2024-07-10 20:48:52.3567|INFO|SFP.Models.Log|Injected libraryroot.custom.css into View Root Menu from patch Menu$
2024-07-10 20:48:52.3567|DEBUG|SFP.Models.Log|SelectedSkin is steamui.
2024-07-10 20:48:52.3581|INFO|SFP.Models.Log|Injected libraryroot.custom.css into Help Root Menu from patch Menu$
2024-07-10 20:48:52.3581|DEBUG|SFP.Models.Log|SelectedSkin is steamui.
2024-07-10 20:48:52.3581|INFO|SFP.Models.Log|Injected libraryroot.custom.css into Notifications Menu from patch Menu$
2024-07-10 20:48:52.3581|DEBUG|SFP.Models.Log|SelectedSkin is steamui.
2024-07-10 20:48:52.3585|INFO|SFP.Models.Log|Injected libraryroot.custom.css into Account Menu from patch Menu$
2024-07-10 20:48:52.3585|DEBUG|SFP.Models.Log|SelectedSkin is steamui.
2024-07-10 20:48:52.4828|ERROR|SFP.Models.Log|Unexpected error when trying to query frame selector
2024-07-10 20:48:52.4828|DEBUG|SFP.Models.Log|url: https://steamloopback.host/index.html?LOCAL_HOSTNAME=artx&LANGUAGE=english&COUNTRY=SI&LAUNCHER_TYPE=0&CLIENT_SESSION=1720637242&IN_CLIENT=true&USE_POPUPS=true&IN_STEAMUI_SHARED_CONTEXT=true&PLATFORM=linux&DEV_MODE=true&SHOW_CONSOLE=true
2024-07-10 20:48:52.4828|DEBUG|SFP.Models.Log|PuppeteerSharp.EvaluationFailedException: Evaluation failed: DOMException: Failed to execute 'querySelector' on 'Document': '.*' is not a valid selector.
    at __puppeteer_evaluation_script__:1:33
   at PuppeteerSharp.ExecutionContext.ExecuteEvaluationAsync(String method, Object args) in C:\projects\puppeteer-sharp\lib\PuppeteerSharp\ExecutionContext.cs:line 187
   at PuppeteerSharp.ExecutionContext.EvaluateFunctionHandleAsync(String script, Object[] args) in C:\projects\puppeteer-sharp\lib\PuppeteerSharp\ExecutionContext.cs:line 105
   at PuppeteerSharp.ElementHandle.QuerySelectorAsync(String selector) in C:\projects\puppeteer-sharp\lib\PuppeteerSharp\ElementHandle.cs:line 347
   at PuppeteerSharp.DOMWorld.QuerySelectorAsync(String selector) in C:\projects\puppeteer-sharp\lib\PuppeteerSharp\DOMWorld.cs:line 114
   at SFP.Models.Injection.Injector.ProcessFrame(Frame) in /home/runner/work/SFP/SFP/SFP/Models/Injection/Injector.cs:line 308
2024-07-10 20:48:52.4828|DEBUG|SFP.Models.Log|SelectedSkin is steamui.
2024-07-10 20:48:52.4843|INFO|SFP.Models.Log|Injected friends.custom.css into Friends List from patch .friendsui-container
2024-07-10 20:48:52.4843|DEBUG|SFP.Models.Log|SelectedSkin is steamui.
2024-07-10 20:48:52.8535|INFO|SFP.Models.Log|Injected libraryroot.custom.js into Store Supernav from patch Supernav$
2024-07-10 20:48:52.8535|INFO|SFP.Models.Log|Injected libraryroot.custom.js into Library Supernav from patch Supernav$
2024-07-10 20:48:52.8776|INFO|SFP.Models.Log|Injected libraryroot.custom.js into Community Supernav from patch Supernav$
2024-07-10 20:48:52.8776|INFO|SFP.Models.Log|Injected libraryroot.custom.js into Profile Supernav from patch Supernav$
2024-07-10 20:48:52.8776|INFO|SFP.Models.Log|Injected libraryroot.custom.js into Friends Root Menu from patch Menu$
2024-07-10 20:48:52.8776|INFO|SFP.Models.Log|Injected libraryroot.custom.js into View Root Menu from patch Menu$
2024-07-10 20:48:52.8786|INFO|SFP.Models.Log|Injected libraryroot.custom.js into Games Root Menu from patch Menu$
2024-07-10 20:48:52.8786|INFO|SFP.Models.Log|Injected libraryroot.custom.js into Steam Root Menu from patch Menu$
2024-07-10 20:48:52.8786|INFO|SFP.Models.Log|Injected libraryroot.custom.js into Help Root Menu from patch Menu$
2024-07-10 20:48:52.8786|INFO|SFP.Models.Log|Injected libraryroot.custom.js into Notifications Menu from patch Menu$
2024-07-10 20:48:52.8796|INFO|SFP.Models.Log|Injected libraryroot.custom.js into Account Menu from patch Menu$
2024-07-10 20:48:52.9936|INFO|SFP.Models.Log|Injected friends.custom.js into Friends List from patch .friendsui-container
2024-07-10 20:49:03.4365|INFO|SFP.Models.Log|Quitting
